<?xml version="1.0" encoding="UTF-8"?>
<!-- Generated by org.testng.reporters.JUnitReportReporter -->
<testsuite skipped="0" hostname="DESKTOP-U9BEVS1" name="com.openkart.Testclass.TC_AddToCart" tests="2" failures="0" timestamp="2021-09-07T15:09:42 IST" time="43.656" errors="0">
  <testcase name="VerifyAddToCart_001" time="23.077" classname="com.openkart.Testclass.TC_AddToCart"/>
  <system-out/>
  <testcase name="VerifyAddingProductToCartFromSearchResultsPage_002" time="20.579" classname="com.openkart.Testclass.TC_AddToCart"/>
  <system-out/>
</testsuite> <!-- com.openkart.Testclass.TC_AddToCart -->
