<?xml version="1.0" encoding="UTF-8"?>
<!-- Generated by org.testng.reporters.JUnitReportReporter -->
<testsuite skipped="0" hostname="DESKTOP-U9BEVS1" name="com.openkart.Testclass.TC_REGISTER_001" tests="6" failures="0" timestamp="2021-08-21T18:54:49 IST" time="61.217" errors="0">
  <testcase name="verify_account_by_providing_all_mandatory_filed" time="11.503" classname="com.openkart.Testclass.TC_REGISTER_001"/>
  <system-out/>
  <testcase name="verify_YES_option_selected" time="12.266" classname="com.openkart.Testclass.TC_REGISTER_001"/>
  <system-out/>
  <testcase name="verify_NO_option_selcted" time="13.186" classname="com.openkart.Testclass.TC_REGISTER_001"/>
  <system-out/>
  <testcase name="different_way_navigate_Register" time="7.427" classname="com.openkart.Testclass.TC_REGISTER_001"/>
  <system-out/>
  <testcase name="verify_registeraccount_with_differentpassword" time="8.490" classname="com.openkart.Testclass.TC_REGISTER_001"/>
  <system-out/>
  <testcase name="verifyAccountByProvidingExistingDetails" time="8.345" classname="com.openkart.Testclass.TC_REGISTER_001"/>
  <system-out/>
</testsuite> <!-- com.openkart.Testclass.TC_REGISTER_001 -->
