<?xml version="1.0" encoding="UTF-8"?>
<!-- Generated by org.testng.reporters.JUnitReportReporter -->
<testsuite skipped="0" hostname="DESKTOP-U9BEVS1" name="com.openkart.Testclass.TC_REGISTER_001" tests="5" failures="0" timestamp="2021-08-21T17:34:41 IST" time="50.543" errors="0">
  <testcase name="verify_account_by_providing_all_mandatory_filed" time="10.894" classname="com.openkart.Testclass.TC_REGISTER_001"/>
  <system-out/>
  <testcase name="verify_YES_option_selected" time="13.173" classname="com.openkart.Testclass.TC_REGISTER_001"/>
  <system-out/>
  <testcase name="verify_NO_option_selcted" time="11.521" classname="com.openkart.Testclass.TC_REGISTER_001"/>
  <system-out/>
  <testcase name="different_way_navigate_Register" time="6.909" classname="com.openkart.Testclass.TC_REGISTER_001"/>
  <system-out/>
  <testcase name="verify_registeraccount_with_differentpassword" time="8.046" classname="com.openkart.Testclass.TC_REGISTER_001"/>
  <system-out/>
</testsuite> <!-- com.openkart.Testclass.TC_REGISTER_001 -->
