<?xml version="1.0" encoding="UTF-8"?>
<!-- Generated by org.testng.reporters.JUnitReportReporter -->
<testsuite skipped="1" hostname="DESKTOP-U9BEVS1" name="com.openkart.Testclass.data" tests="1" failures="0" timestamp="2021-08-22T22:03:42 IST" time="0.000" errors="0">
  <testcase name="VerifyLoginWithInvalidCredential" time="0.000" classname="com.openkart.Testclass.data">
    <skipped/>
  </testcase> <!-- VerifyLoginWithInvalidCredential -->
  <system-out/>
</testsuite> <!-- com.openkart.Testclass.data -->
