<?xml version="1.0" encoding="UTF-8"?>
<!-- Generated by org.testng.reporters.JUnitReportReporter -->
<testsuite skipped="1" hostname="DESKTOP-U9BEVS1" name="com.openkart.Testclass.TC_AddToCart" tests="2" failures="0" timestamp="2021-09-07T14:52:02 IST" time="18.295" errors="0">
  <testcase name="VerifyAddingProductToCartFromSearchResultsPage_002" time="18.295" classname="com.openkart.Testclass.TC_AddToCart"/>
  <system-out/>
  <testcase name="VerifyAddToCart_001" classname="com.openkart.Testclass.TC_AddToCart">
    <skipped/>
  </testcase> <!-- VerifyAddToCart_001 -->
  <system-out/>
</testsuite> <!-- com.openkart.Testclass.TC_AddToCart -->
