<?xml version="1.0" encoding="UTF-8"?>
<!-- Generated by org.testng.reporters.JUnitReportReporter -->
<testsuite skipped="0" hostname="DESKTOP-U9BEVS1" name="com.openkart.Testclass.TC_REGISTER_001" tests="6" failures="0" timestamp="2021-08-23T16:47:18 IST" time="61.606" errors="0">
  <testcase name="verify_account_by_providing_all_mandatory_filed" time="10.515" classname="com.openkart.Testclass.TC_REGISTER_001"/>
  <system-out/>
  <testcase name="verify_YES_option_selected" time="12.589" classname="com.openkart.Testclass.TC_REGISTER_001"/>
  <system-out/>
  <testcase name="verify_NO_option_selcted" time="12.968" classname="com.openkart.Testclass.TC_REGISTER_001"/>
  <system-out/>
  <testcase name="different_way_navigate_Register" time="7.884" classname="com.openkart.Testclass.TC_REGISTER_001"/>
  <system-out/>
  <testcase name="verify_registeraccount_with_differentpassword" time="7.937" classname="com.openkart.Testclass.TC_REGISTER_001"/>
  <system-out/>
  <testcase name="verifyAccountByProvidingExistingDetails" time="9.713" classname="com.openkart.Testclass.TC_REGISTER_001"/>
  <system-out/>
</testsuite> <!-- com.openkart.Testclass.TC_REGISTER_001 -->
