<?xml version="1.0" encoding="UTF-8"?>
<!-- Generated by org.testng.reporters.JUnitReportReporter -->
<testsuite skipped="0" hostname="DESKTOP-U9BEVS1" name="com.openkart.Testclass.TC_ProductSearch" tests="10" failures="0" timestamp="2021-09-01T20:15:35 IST" time="98.063" errors="0">
  <testcase name="VerifySearchingWithExistingProductName_001" time="8.156" classname="com.openkart.Testclass.TC_ProductSearch"/>
  <system-out/>
  <testcase name="VerifySearchingWithNonExistingProductName_002" time="6.417" classname="com.openkart.Testclass.TC_ProductSearch"/>
  <system-out/>
  <testcase name="VerifySearchingWithoutAnyValue_003" time="6.643" classname="com.openkart.Testclass.TC_ProductSearch"/>
  <system-out/>
  <testcase name="VerifyTheMultipleProductDisplay_004" time="7.668" classname="com.openkart.Testclass.TC_ProductSearch"/>
  <system-out/>
  <testcase name="VerifySerchCreteriaAndSearchPlaceholder_005" time="6.494" classname="com.openkart.Testclass.TC_ProductSearch"/>
  <system-out/>
  <testcase name="VerifySerchUsingSerchFieldCreteria_006" time="12.825" classname="com.openkart.Testclass.TC_ProductSearch"/>
  <system-out/>
  <testcase name="VerifySearchBySelectingTheCategoryOfProduct_007" time="10.751" classname="com.openkart.Testclass.TC_ProductSearch"/>
  <system-out/>
  <testcase name="VerifySearchBySelectingToSearchInSubcategories_008" time="11.454" classname="com.openkart.Testclass.TC_ProductSearch"/>
  <system-out/>
  <testcase name="VerifyListandGridViewsWhenOnlyOneProductDisplayedInTheSearchResults_009" time="15.806" classname="com.openkart.Testclass.TC_ProductSearch"/>
  <system-out/>
  <testcase name="VerifyUserAbleToSortTheProductsDisplayedintheSearchResults" time="11.849" classname="com.openkart.Testclass.TC_ProductSearch"/>
  <system-out/>
</testsuite> <!-- com.openkart.Testclass.TC_ProductSearch -->
