<?xml version="1.0" encoding="UTF-8"?>
<!-- Generated by org.testng.reporters.JUnitReportReporter -->
<testsuite skipped="0" hostname="DESKTOP-U9BEVS1" name="com.openkart.Testclass.TC_WishList" tests="2" failures="0" timestamp="2021-09-09T21:19:08 IST" time="32.150" errors="0">
  <testcase name="VerifyAddingProductWishListFromFeaturedOption_002" time="14.294" classname="com.openkart.Testclass.TC_WishList"/>
  <system-out/>
  <testcase name="VerifyAddingProductWishList_001" time="17.856" classname="com.openkart.Testclass.TC_WishList"/>
  <system-out/>
</testsuite> <!-- com.openkart.Testclass.TC_WishList -->
